<?xml version="1.0" encoding="utf-8"?><testsuites name="pytest tests"><testsuite name="pytest" errors="0" failures="0" skipped="0" tests="45" time="0.148" timestamp="2025-07-09T08:12:35.056084+02:00" hostname="Monviso.local"><testcase classname="tests.pytest_resources.test_resources" name="test_list_dir" time="0.002" /><testcase classname="tests.pytest_resources.test_resources" name="test_resources__dir[&lt;function TestResources.pm_function at 0x1050591b0&gt;-/Users/logi/code/pytest-respect/tests/pytest_resources/test_resources__test_resources__dir]" time="0.000" /><testcase classname="tests.pytest_resources.test_resources" name="test_resources__dir[&lt;function TestResources.pm_class at 0x105059240&gt;-/Users/logi/code/pytest-respect/tests/pytest_resources/test_resources]" time="0.000" /><testcase classname="tests.pytest_resources.test_resources" name="test_resources__dir[&lt;function TestResources.pm_file at 0x105059360&gt;-/Users/logi/code/pytest-respect/tests/pytest_resources/test_resources]" time="0.000" /><testcase classname="tests.pytest_resources.test_resources" name="test_resources__dir[&lt;function TestResources.pm_dir_named.&lt;locals&gt;.path_from_dir at 0x1050c7c70&gt;-/Users/logi/code/pytest-respect/tests/pytest_resources/stuff]" time="0.000" /><testcase classname="tests.pytest_resources.test_resources" name="test_resources__path[parts0--ex_path0]" time="0.000" /><testcase classname="tests.pytest_resources.test_resources" name="test_resources__path[parts1-json-ex_path1]" time="0.000" /><testcase classname="tests.pytest_resources.test_resources" name="test_resources__path[parts2-json-ex_path2]" time="0.000" /><testcase classname="tests.pytest_resources.test_resources" name="test_resources__path__path_maker[&lt;function TestResources.pm_function at 0x1050591b0&gt;-/Users/logi/code/pytest-respect/tests/pytest_resources/test_resources__test_resources__path__path_maker/data.txt]" time="0.000" /><testcase classname="tests.pytest_resources.test_resources" name="test_resources__path__path_maker[&lt;function TestResources.pm_class at 0x105059240&gt;-/Users/logi/code/pytest-respect/tests/pytest_resources/test_resources/test_resources__path__path_maker.txt]" time="0.000" /><testcase classname="tests.pytest_resources.test_resources" name="test_resources__path__path_maker[&lt;function TestResources.pm_file at 0x105059360&gt;-/Users/logi/code/pytest-respect/tests/pytest_resources/test_resources/test_resources__path__path_maker.txt]" time="0.000" /><testcase classname="tests.pytest_resources.test_resources" name="test_resources__path__path_maker[&lt;function TestResources.pm_dir at 0x105059480&gt;-/Users/logi/code/pytest-respect/tests/pytest_resources/resources/test_resources__test_resources__path__path_maker.txt]" time="0.000" /><testcase classname="tests.pytest_resources.test_resources" name="test_resources__path__path_maker[&lt;function TestResources.pm_dir_named.&lt;locals&gt;.path_from_dir at 0x1050c7e20&gt;-/Users/logi/code/pytest-respect/tests/pytest_resources/treasures/test_resources__test_resources__path__path_maker.txt]" time="0.000" /><testcase classname="tests.pytest_resources.test_resources.TestClass" name="test_resources__dir[&lt;function TestResources.pm_function at 0x1050591b0&gt;-/Users/logi/code/pytest-respect/tests/pytest_resources/test_resources__TestClass__test_resources__dir]" time="0.000" /><testcase classname="tests.pytest_resources.test_resources.TestClass" name="test_resources__dir[&lt;function TestResources.pm_class at 0x105059240&gt;-/Users/logi/code/pytest-respect/tests/pytest_resources/test_resources__TestClass]" time="0.000" /><testcase classname="tests.pytest_resources.test_resources.TestClass" name="test_resources__dir[&lt;function TestResources.pm_file at 0x105059360&gt;-/Users/logi/code/pytest-respect/tests/pytest_resources/test_resources]" time="0.000" /><testcase classname="tests.pytest_resources.test_resources.TestClass" name="test_resources__dir[&lt;function TestResources.pm_dir_named.&lt;locals&gt;.path_from_dir at 0x1050f4040&gt;-/Users/logi/code/pytest-respect/tests/pytest_resources/stuff]" time="0.000" /><testcase classname="tests.pytest_resources.test_resources.TestClass" name="test_resources__path__path_maker[&lt;function TestResources.pm_function at 0x1050591b0&gt;-/Users/logi/code/pytest-respect/tests/pytest_resources/test_resources__TestClass__test_resources__path__path_maker/data.txt]" time="0.000" /><testcase classname="tests.pytest_resources.test_resources.TestClass" name="test_resources__path__path_maker[&lt;function TestResources.pm_class at 0x105059240&gt;-/Users/logi/code/pytest-respect/tests/pytest_resources/test_resources__TestClass/test_resources__path__path_maker.txt]" time="0.000" /><testcase classname="tests.pytest_resources.test_resources.TestClass" name="test_resources__path__path_maker[&lt;function TestResources.pm_file at 0x105059360&gt;-/Users/logi/code/pytest-respect/tests/pytest_resources/test_resources/TestClass__test_resources__path__path_maker.txt]" time="0.000" /><testcase classname="tests.pytest_resources.test_resources.TestClass" name="test_resources__path__path_maker[&lt;function TestResources.pm_dir at 0x105059480&gt;-/Users/logi/code/pytest-respect/tests/pytest_resources/resources/test_resources__TestClass__test_resources__path__path_maker.txt]" time="0.000" /><testcase classname="tests.pytest_resources.test_resources.TestClass" name="test_resources__path__path_maker[&lt;function TestResources.pm_dir_named.&lt;locals&gt;.path_from_dir at 0x1050f4160&gt;-/Users/logi/code/pytest-respect/tests/pytest_resources/treasures/test_resources__TestClass__test_resources__path__path_maker.txt]" time="0.000" /><testcase classname="tests.pytest_resources.test_resources" name="test_load_text" time="0.000" /><testcase classname="tests.pytest_resources.test_resources" name="test_load_json" time="0.000" /><testcase classname="tests.pytest_resources.test_resources" name="test_load_json__jsonyx_permissive" time="0.003" /><testcase classname="tests.pytest_resources.test_resources" name="test_load_pydantic" time="0.000" /><testcase classname="tests.pytest_resources.test_resources" name="test_load_pydantic_adapter" time="0.000" /><testcase classname="tests.pytest_resources.test_resources" name="test_load_pydantic_adapter__failing" time="0.000" /><testcase classname="tests.pytest_resources.test_resources" name="test_save_json" time="0.001" /><testcase classname="tests.pytest_resources.test_resources" name="test_delete" time="0.000" /><testcase classname="tests.pytest_resources.test_resources" name="test_list_resources__patterns" time="0.008" /><testcase classname="tests.pytest_resources.test_resources" name="test_list_resources__path_maker" time="0.001" /><testcase classname="tests.pytest_resources.test_resources" name="test_list_resources__strip_ext_True" time="0.001" /><testcase classname="tests.pytest_resources.test_resources" name="test_list_resources__strip_ext_json" time="0.001" /><testcase classname="tests.pytest_resources.test_resources" name="test_list__defaults" time="0.001" /><testcase classname="tests.pytest_resources.test_resources" name="test_list__path_maker" time="0.001" /><testcase classname="tests.pytest_resources.test_resources" name="test_list__filtered" time="0.001" /><testcase classname="tests.pytest_resources.test_resources" name="test_expect_text" time="0.000" /><testcase classname="tests.pytest_resources.test_resources" name="test_expect_text__mismatch" time="0.001" /><testcase classname="tests.pytest_resources.test_resources" name="test_expected_json" time="0.000" /><testcase classname="tests.pytest_resources.test_resources" name="test_expected_json__compact" time="0.000" /><testcase classname="tests.pytest_resources.test_resources" name="test_expected_json__jsonyx" time="0.000" /><testcase classname="tests.pytest_resources.test_resources" name="test_expected_json__ndigits" time="0.001" /><testcase classname="tests.pytest_resources.test_resources" name="test_expected_json__default_digits" time="0.000" /><testcase classname="tests.pytest_resources.test_resources" name="test_expected_pydantic" time="0.000" /></testsuite></testsuites>